<?xml version="1.0" encoding="UTF-8"?>
<!-- Generated by org.testng.reporters.JUnitReportReporter -->
<testsuite skipped="0" hostname="N-144" name="resultstest.SearchTest" tests="1" failures="0" timestamp="2020-03-04T13:33:25 ART" time="16.075" errors="0">
  <testcase name="noresults" time="16.075" classname="resultstest.SearchTest"/>
</testsuite> <!-- resultstest.SearchTest -->
