<?xml version="1.0" encoding="UTF-8"?>
<!-- Generated by org.testng.reporters.JUnitReportReporter -->
<testsuite name="testCases.tests" tests="5" time="58.075" ignored="0" failures="0" timestamp="25 mar 2020 05:10:57 GMT" skipped="0" hostname="DESKTOP-B963EQU" errors="0">
  <testcase name="BuscarNoExistente" time="10.889" classname="testCases.tests"/>
  <testcase name="Dress" time="11.546" classname="testCases.tests"/>
  <testcase name="Women" time="13.768" classname="testCases.tests"/>
  <testcase name="loguearse" time="10.316" classname="testCases.tests"/>
  <testcase name="BuscarExistente" time="11.556" classname="testCases.tests"/>
</testsuite> <!-- testCases.tests -->
