<?xml version="1.0" encoding="UTF-8"?>
<!-- Generated by org.testng.reporters.JUnitReportReporter -->
<testsuite name="pageObjects.Commons" tests="2" time="22.697" ignored="2" failures="0" timestamp="25 mar 2020 04:13:39 GMT" skipped="0" hostname="DESKTOP-B963EQU" errors="0">
  <testcase name="BuscarNoExistente" time="9.831" classname="pageObjects.Commons"/>
  <testcase name="BuscarExistente" time="12.866" classname="pageObjects.Commons"/>
  <testcase name="Women" classname="pageObjects.Commons">
    <skipped/>
  </testcase> <!-- Women -->
  <testcase name="Dress" classname="pageObjects.Commons">
    <skipped/>
  </testcase> <!-- Dress -->
</testsuite> <!-- pageObjects.Commons -->
